[debug] [2021-03-01T01:53:27.672Z] ----------------------------------------------------------------------
[debug] [2021-03-01T01:53:27.674Z] Command:       /usr/local/bin/node /Users/chensijian/.config/yarn/global/node_modules/.bin/firebase deploy --only functions:csjTwoMin
[debug] [2021-03-01T01:53:27.674Z] CLI Version:   9.2.2
[debug] [2021-03-01T01:53:27.674Z] Platform:      darwin
[debug] [2021-03-01T01:53:27.674Z] Node Version:  v12.18.3
[debug] [2021-03-01T01:53:27.675Z] Time:          Sun Feb 28 2021 19:53:27 GMT-0600 (GMT-06:00)
[debug] [2021-03-01T01:53:27.675Z] ----------------------------------------------------------------------
[debug] [2021-03-01T01:53:27.675Z] 
[debug] [2021-03-01T01:53:27.679Z] > command requires scopes: ["email","openid","https://www.googleapis.com/auth/cloudplatformprojects.readonly","https://www.googleapis.com/auth/firebase","https://www.googleapis.com/auth/cloud-platform"]
[debug] [2021-03-01T01:53:27.680Z] > authorizing via signed-in user
[debug] [2021-03-01T01:53:27.680Z] [iam] checking project fineed-ffb74 for permissions ["cloudfunctions.functions.create","cloudfunctions.functions.delete","cloudfunctions.functions.get","cloudfunctions.functions.list","cloudfunctions.functions.update","cloudfunctions.operations.get","firebase.projects.get"]
[debug] [2021-03-01T01:53:27.681Z] >>> HTTP REQUEST POST https://cloudresourcemanager.googleapis.com/v1/projects/fineed-ffb74:testIamPermissions  
 {"permissions":["cloudfunctions.functions.create","cloudfunctions.functions.delete","cloudfunctions.functions.get","cloudfunctions.functions.list","cloudfunctions.functions.update","cloudfunctions.operations.get","firebase.projects.get"]}
[debug] [2021-03-01T01:53:27.859Z] <<< HTTP RESPONSE 200 {"content-type":"application/json; charset=UTF-8","vary":"X-Origin, Referer, Origin,Accept-Encoding","date":"Mon, 01 Mar 2021 01:53:27 GMT","server":"ESF","cache-control":"private","x-xss-protection":"0","x-frame-options":"SAMEORIGIN","x-content-type-options":"nosniff","server-timing":"gfet4t7; dur=85","alt-svc":"h3-29=\":443\"; ma=2592000,h3-T051=\":443\"; ma=2592000,h3-Q050=\":443\"; ma=2592000,h3-Q046=\":443\"; ma=2592000,h3-Q043=\":443\"; ma=2592000,quic=\":443\"; ma=2592000; v=\"46,43\"","accept-ranges":"none","transfer-encoding":"chunked"}
[debug] [2021-03-01T01:53:27.861Z] >>> HTTP REQUEST POST https://iam.googleapis.com/v1/projects/fineed-ffb74/serviceAccounts/fineed-ffb74@appspot.gserviceaccount.com:testIamPermissions  
 {"permissions":["iam.serviceAccounts.actAs"]}
[debug] [2021-03-01T01:53:34.328Z] ----------------------------------------------------------------------
[debug] [2021-03-01T01:53:34.330Z] Command:       /usr/local/bin/node /Users/chensijian/.config/yarn/global/node_modules/.bin/firebase deploy --only functions:scheduledFunction
[debug] [2021-03-01T01:53:34.330Z] CLI Version:   9.2.2
[debug] [2021-03-01T01:53:34.330Z] Platform:      darwin
[debug] [2021-03-01T01:53:34.330Z] Node Version:  v12.18.3
[debug] [2021-03-01T01:53:34.331Z] Time:          Sun Feb 28 2021 19:53:34 GMT-0600 (GMT-06:00)
[debug] [2021-03-01T01:53:34.331Z] ----------------------------------------------------------------------
[debug] [2021-03-01T01:53:34.331Z] 
[debug] [2021-03-01T01:53:34.335Z] > command requires scopes: ["email","openid","https://www.googleapis.com/auth/cloudplatformprojects.readonly","https://www.googleapis.com/auth/firebase","https://www.googleapis.com/auth/cloud-platform"]
[debug] [2021-03-01T01:53:34.336Z] > authorizing via signed-in user
[debug] [2021-03-01T01:53:34.336Z] [iam] checking project fineed-ffb74 for permissions ["cloudfunctions.functions.create","cloudfunctions.functions.delete","cloudfunctions.functions.get","cloudfunctions.functions.list","cloudfunctions.functions.update","cloudfunctions.operations.get","firebase.projects.get"]
[debug] [2021-03-01T01:53:34.338Z] >>> HTTP REQUEST POST https://cloudresourcemanager.googleapis.com/v1/projects/fineed-ffb74:testIamPermissions  
 {"permissions":["cloudfunctions.functions.create","cloudfunctions.functions.delete","cloudfunctions.functions.get","cloudfunctions.functions.list","cloudfunctions.functions.update","cloudfunctions.operations.get","firebase.projects.get"]}
[debug] [2021-03-01T01:53:34.517Z] <<< HTTP RESPONSE 200 {"content-type":"application/json; charset=UTF-8","vary":"X-Origin, Referer, Origin,Accept-Encoding","date":"Mon, 01 Mar 2021 01:53:34 GMT","server":"ESF","cache-control":"private","x-xss-protection":"0","x-frame-options":"SAMEORIGIN","x-content-type-options":"nosniff","server-timing":"gfet4t7; dur=85","alt-svc":"h3-29=\":443\"; ma=2592000,h3-T051=\":443\"; ma=2592000,h3-Q050=\":443\"; ma=2592000,h3-Q046=\":443\"; ma=2592000,h3-Q043=\":443\"; ma=2592000,quic=\":443\"; ma=2592000; v=\"46,43\"","accept-ranges":"none","transfer-encoding":"chunked"}
[debug] [2021-03-01T01:53:34.518Z] >>> HTTP REQUEST POST https://iam.googleapis.com/v1/projects/fineed-ffb74/serviceAccounts/fineed-ffb74@appspot.gserviceaccount.com:testIamPermissions  
 {"permissions":["iam.serviceAccounts.actAs"]}
[debug] [2021-03-01T01:53:34.662Z] <<< HTTP RESPONSE 200 {"content-type":"application/json; charset=UTF-8","vary":"X-Origin, Referer, Origin,Accept-Encoding","date":"Mon, 01 Mar 2021 01:53:34 GMT","server":"ESF","cache-control":"private","x-xss-protection":"0","x-frame-options":"SAMEORIGIN","x-content-type-options":"nosniff","alt-svc":"h3-29=\":443\"; ma=2592000,h3-T051=\":443\"; ma=2592000,h3-Q050=\":443\"; ma=2592000,h3-Q046=\":443\"; ma=2592000,h3-Q043=\":443\"; ma=2592000,quic=\":443\"; ma=2592000; v=\"46,43\"","accept-ranges":"none","transfer-encoding":"chunked"}
[warn] ⚠  functions: package.json indicates an outdated version of firebase-functions.
Please upgrade using npm install --save firebase-functions@latest in your functions directory. 
[info] 
[info] === Deploying to 'fineed-ffb74'...
[info] 
[info] i  deploying functions 
[info] Running command: npm --prefix "$RESOURCE_DIR" run build
[info] ✔  functions: Finished running predeploy script. 
[debug] [2021-03-01T01:53:40.461Z] > [functions] package.json contents: {
  "name": "functions",
  "scripts": {
    "build": "tsc",
    "serve": "npm run build && firebase emulators:start --only functions",
    "shell": "npm run build && firebase functions:shell",
    "start": "npm run shell",
    "deploy": "firebase deploy --only functions",
    "logs": "firebase functions:log"
  },
  "engines": {
    "node": "12"
  },
  "main": "lib/index.js",
  "dependencies": {
    "dom-parser": "^0.1.6",
    "firebase-admin": "^9.2.0",
    "firebase-functions": "^3.13.2",
    "firebase-tools": "^9.4.0",
    "rss-parser": "^3.11.0",
    "jsdom": "16.4.0"
  },
  "devDependencies": {
    "firebase-functions-test": "^0.2.0",
    "typescript": "^3.8.0"
  },
  "private": true
}
[info] i  functions: ensuring required API cloudfunctions.googleapis.com is enabled... 
[info] i  functions: ensuring required API cloudbuild.googleapis.com is enabled... 
[debug] [2021-03-01T01:53:41.769Z] >>> HTTP REQUEST GET https://serviceusage.googleapis.com/v1/projects/fineed-ffb74/services/cloudfunctions.googleapis.com  
 
[debug] [2021-03-01T01:53:41.769Z] >>> HTTP REQUEST GET https://serviceusage.googleapis.com/v1/projects/fineed-ffb74/services/runtimeconfig.googleapis.com  
 
[debug] [2021-03-01T01:53:41.770Z] >>> HTTP REQUEST GET https://serviceusage.googleapis.com/v1/projects/fineed-ffb74/services/cloudbuild.googleapis.com  
 
[debug] [2021-03-01T01:53:42.165Z] <<< HTTP RESPONSE 200 {"content-type":"application/json; charset=UTF-8","vary":"X-Origin, Referer, Origin,Accept-Encoding","date":"Mon, 01 Mar 2021 01:53:42 GMT","server":"ESF","cache-control":"private","x-xss-protection":"0","x-frame-options":"SAMEORIGIN","x-content-type-options":"nosniff","alt-svc":"h3-29=\":443\"; ma=2592000,h3-T051=\":443\"; ma=2592000,h3-Q050=\":443\"; ma=2592000,h3-Q046=\":443\"; ma=2592000,h3-Q043=\":443\"; ma=2592000,quic=\":443\"; ma=2592000; v=\"46,43\"","accept-ranges":"none","transfer-encoding":"chunked"}
[debug] [2021-03-01T01:53:42.189Z] <<< HTTP RESPONSE 200 {"content-type":"application/json; charset=UTF-8","vary":"X-Origin, Referer, Origin,Accept-Encoding","date":"Mon, 01 Mar 2021 01:53:42 GMT","server":"ESF","cache-control":"private","x-xss-protection":"0","x-frame-options":"SAMEORIGIN","x-content-type-options":"nosniff","alt-svc":"h3-29=\":443\"; ma=2592000,h3-T051=\":443\"; ma=2592000,h3-Q050=\":443\"; ma=2592000,h3-Q046=\":443\"; ma=2592000,h3-Q043=\":443\"; ma=2592000,quic=\":443\"; ma=2592000; v=\"46,43\"","accept-ranges":"none","transfer-encoding":"chunked"}
[info] ✔  functions: required API cloudbuild.googleapis.com is enabled 
[debug] [2021-03-01T01:53:42.218Z] <<< HTTP RESPONSE 200 {"content-type":"application/json; charset=UTF-8","vary":"X-Origin, Referer, Origin,Accept-Encoding","date":"Mon, 01 Mar 2021 01:53:42 GMT","server":"ESF","cache-control":"private","x-xss-protection":"0","x-frame-options":"SAMEORIGIN","x-content-type-options":"nosniff","alt-svc":"h3-29=\":443\"; ma=2592000,h3-T051=\":443\"; ma=2592000,h3-Q050=\":443\"; ma=2592000,h3-Q046=\":443\"; ma=2592000,h3-Q043=\":443\"; ma=2592000,quic=\":443\"; ma=2592000; v=\"46,43\"","accept-ranges":"none","transfer-encoding":"chunked"}
[info] ✔  functions: required API cloudfunctions.googleapis.com is enabled 
[debug] [2021-03-01T01:53:42.219Z] >>> HTTP REQUEST GET https://firebase.googleapis.com/v1beta1/projects/fineed-ffb74/adminSdkConfig  
 
[debug] [2021-03-01T01:53:42.432Z] <<< HTTP RESPONSE 200 {"content-type":"application/json; charset=UTF-8","vary":"X-Origin, Referer, Origin,Accept-Encoding","date":"Mon, 01 Mar 2021 01:53:42 GMT","server":"ESF","cache-control":"private","x-xss-protection":"0","x-frame-options":"SAMEORIGIN","x-content-type-options":"nosniff","alt-svc":"h3-29=\":443\"; ma=2592000,h3-T051=\":443\"; ma=2592000,h3-Q050=\":443\"; ma=2592000,h3-Q046=\":443\"; ma=2592000,h3-Q043=\":443\"; ma=2592000,quic=\":443\"; ma=2592000; v=\"46,43\"","accept-ranges":"none","transfer-encoding":"chunked"}
[info] i  functions: preparing functions directory for uploading... 
[debug] [2021-03-01T01:53:42.434Z] >>> HTTP REQUEST GET https://runtimeconfig.googleapis.com/v1beta1/projects/fineed-ffb74/configs  
 
[debug] [2021-03-01T01:53:42.943Z] <<< HTTP RESPONSE 200 {"content-type":"application/json; charset=UTF-8","vary":"X-Origin, Referer, Origin,Accept-Encoding","date":"Mon, 01 Mar 2021 01:53:42 GMT","server":"ESF","cache-control":"private","x-xss-protection":"0","x-frame-options":"SAMEORIGIN","x-content-type-options":"nosniff","alt-svc":"h3-29=\":443\"; ma=2592000,h3-T051=\":443\"; ma=2592000,h3-Q050=\":443\"; ma=2592000,h3-Q046=\":443\"; ma=2592000,h3-Q043=\":443\"; ma=2592000,quic=\":443\"; ma=2592000; v=\"46,43\"","accept-ranges":"none","transfer-encoding":"chunked"}
[info] i  functions: packaged functions (178.08 KB) for uploading 
[debug] [2021-03-01T01:53:43.658Z] >>> HTTP REQUEST GET https://cloudfunctions.googleapis.com/v1/projects/fineed-ffb74/locations/-/functions  
 
[debug] [2021-03-01T01:53:44.204Z] <<< HTTP RESPONSE 200 {"content-type":"application/json; charset=UTF-8","vary":"X-Origin, Referer, Origin,Accept-Encoding","date":"Mon, 01 Mar 2021 01:53:44 GMT","server":"ESF","cache-control":"private","x-xss-protection":"0","x-frame-options":"SAMEORIGIN","x-content-type-options":"nosniff","alt-svc":"h3-29=\":443\"; ma=2592000,h3-T051=\":443\"; ma=2592000,h3-Q050=\":443\"; ma=2592000,h3-Q046=\":443\"; ma=2592000,h3-Q043=\":443\"; ma=2592000,quic=\":443\"; ma=2592000; v=\"46,43\"","accept-ranges":"none","transfer-encoding":"chunked"}
[debug] [2021-03-01T01:53:44.207Z] >>> HTTP REQUEST POST https://cloudfunctions.googleapis.com/v1/projects/fineed-ffb74/locations/us-central1/functions:generateUploadUrl  
 
[debug] [2021-03-01T01:53:44.705Z] <<< HTTP RESPONSE 200 {"content-type":"application/json; charset=UTF-8","vary":"X-Origin, Referer, Origin,Accept-Encoding","date":"Mon, 01 Mar 2021 01:53:44 GMT","server":"ESF","cache-control":"private","x-xss-protection":"0","x-frame-options":"SAMEORIGIN","x-content-type-options":"nosniff","alt-svc":"h3-29=\":443\"; ma=2592000,h3-T051=\":443\"; ma=2592000,h3-Q050=\":443\"; ma=2592000,h3-Q046=\":443\"; ma=2592000,h3-Q043=\":443\"; ma=2592000,quic=\":443\"; ma=2592000; v=\"46,43\"","accept-ranges":"none","transfer-encoding":"chunked"}
[debug] [2021-03-01T01:53:44.706Z] >>> HTTP REQUEST PUT https://storage.googleapis.com/gcf-upload-us-central1-1e6e711d-d6b9-41a0-979f-9474c906b8e4/8dc4b5bf-0ed6-433a-8299-cd63fcb4071a.zip?GoogleAccessId=service-764022410138@gcf-admin-robot.iam.gserviceaccount.com&Expires=1614565424&Signature=EVzf6ODCjeWkgZeBFaOUJ9M8jZNxqLNzI6l4W%2F836C0hMoEYRFD2QUvf0Mq4AuDsNszRYO0TUA%2FpJRDuABR0PSt4gekPUFeIH%2BHpiUCTX%2FXXyQuu8fOl3Je11Vwbzmte1Q2Vs39bXaEvoS0Jw6LneA8M687s2MYAmjVBY94o8Dv5zK23QWYaLyROU56Y%2BJ6ynUaaJqVBOt7ySXJ7kodXPYbBuI5X4mrA3%2BAReaWqE3Vb%2BLV6kKB7LxAQa4pVQoav68jsDpy%2Bskb%2F%2BKRqJ1kPHbyl88Io6PZ6U%2F5zYZLY57FuG00f%2BaCuSTM5ihuR302qg7YdbRVb9c5prIIaHpaSRg%3D%3D  
 <request body omitted>
[debug] [2021-03-01T01:53:45.089Z] <<< HTTP RESPONSE 200 {"x-guploader-uploadid":"ABg5-Uzp22aHNYCc2Na5pSQArcIFM8BYknJttBF0DroSglTYY0CHGb6EU5Hehu0fj4tafOYGJUCZL6GjalXtCwid1Avu3H7DNQ","etag":"\"677fe7736916c9a113a1ea3c632e9573\"","x-goog-generation":"1614563625051200","x-goog-metageneration":"1","x-goog-hash":"crc32c=ckiiCA==, md5=Z3/nc2kWyaEToeo8Yy6Vcw==","x-goog-stored-content-length":"182350","x-goog-stored-content-encoding":"identity","vary":"Origin","content-length":"0","date":"Mon, 01 Mar 2021 01:53:45 GMT","server":"UploadServer","content-type":"text/html; charset=UTF-8","alt-svc":"h3-29=\":443\"; ma=2592000,h3-T051=\":443\"; ma=2592000,h3-Q050=\":443\"; ma=2592000,h3-Q046=\":443\"; ma=2592000,h3-Q043=\":443\"; ma=2592000,quic=\":443\"; ma=2592000; v=\"46,43\""}
[info] ✔  functions: functions folder uploaded successfully 
[debug] [2021-03-01T01:53:45.090Z] > [functions] filtering triggers to: [
  "projects/fineed-ffb74/locations/us-central1/functions/scheduledFunction"
]
[info] i  functions: current functions in project: addEntry(us-central1), getUserHistory(us-central1), helloJiyu(us-central1), helloWorld(us-central1), helloYuChang(us-central1), rssFetch(us-central1), updateNewsClick(us-central1), updateUserHistory(us-central1) 
[info] i  functions: uploading functions in project: scheduledFunction(us-central1) 
[info] i  functions: creating Node.js 12 function scheduledFunction(us-central1)... 
[debug] [2021-03-01T01:53:45.094Z] Trigger is:  {"eventTrigger":{"resource":"projects/fineed-ffb74/topics/firebase-schedule-scheduledFunction-us-central1","eventType":"google.pubsub.topic.publish","service":"pubsub.googleapis.com"}}
[info] i  scheduler: ensuring required API cloudscheduler.googleapis.com is enabled... 
[info] i  pubsub: ensuring required API pubsub.googleapis.com is enabled... 
[debug] [2021-03-01T01:53:45.095Z] >>> HTTP REQUEST GET https://serviceusage.googleapis.com/v1/projects/fineed-ffb74/services/cloudscheduler.googleapis.com  
 
[debug] [2021-03-01T01:53:45.095Z] >>> HTTP REQUEST GET https://serviceusage.googleapis.com/v1/projects/fineed-ffb74/services/pubsub.googleapis.com  
 
[debug] [2021-03-01T01:53:45.469Z] <<< HTTP RESPONSE 200 {"content-type":"application/json; charset=UTF-8","vary":"X-Origin, Referer, Origin,Accept-Encoding","date":"Mon, 01 Mar 2021 01:53:45 GMT","server":"ESF","cache-control":"private","x-xss-protection":"0","x-frame-options":"SAMEORIGIN","x-content-type-options":"nosniff","alt-svc":"h3-29=\":443\"; ma=2592000,h3-T051=\":443\"; ma=2592000,h3-Q050=\":443\"; ma=2592000,h3-Q046=\":443\"; ma=2592000,h3-Q043=\":443\"; ma=2592000,quic=\":443\"; ma=2592000; v=\"46,43\"","accept-ranges":"none","transfer-encoding":"chunked"}
[info] ✔  scheduler: required API cloudscheduler.googleapis.com is enabled 
[debug] [2021-03-01T01:53:45.480Z] <<< HTTP RESPONSE 200 {"content-type":"application/json; charset=UTF-8","vary":"X-Origin, Referer, Origin,Accept-Encoding","date":"Mon, 01 Mar 2021 01:53:45 GMT","server":"ESF","cache-control":"private","x-xss-protection":"0","x-frame-options":"SAMEORIGIN","x-content-type-options":"nosniff","alt-svc":"h3-29=\":443\"; ma=2592000,h3-T051=\":443\"; ma=2592000,h3-Q050=\":443\"; ma=2592000,h3-Q046=\":443\"; ma=2592000,h3-Q043=\":443\"; ma=2592000,quic=\":443\"; ma=2592000; v=\"46,43\"","accept-ranges":"none","transfer-encoding":"chunked"}
[info] ✔  pubsub: required API pubsub.googleapis.com is enabled 
[debug] [2021-03-01T01:53:45.481Z] >>> HTTP REQUEST GET https://cloudscheduler.googleapis.com/v1beta1/projects/fineed-ffb74/locations/us-central1/jobs/firebase-schedule-scheduledFunction-us-central1  
 
[debug] [2021-03-01T01:53:45.890Z] <<< HTTP RESPONSE 404 {"vary":"X-Origin, Referer, Origin,Accept-Encoding","content-type":"application/json; charset=UTF-8","date":"Mon, 01 Mar 2021 01:53:45 GMT","server":"ESF","cache-control":"private","x-xss-protection":"0","x-frame-options":"SAMEORIGIN","x-content-type-options":"nosniff","alt-svc":"h3-29=\":443\"; ma=2592000,h3-T051=\":443\"; ma=2592000,h3-Q050=\":443\"; ma=2592000,h3-Q046=\":443\"; ma=2592000,h3-Q043=\":443\"; ma=2592000,quic=\":443\"; ma=2592000; v=\"46,43\"","accept-ranges":"none","transfer-encoding":"chunked"}
[debug] [2021-03-01T01:53:45.890Z] <<< HTTP RESPONSE BODY {"error":{"code":404,"message":"Job not found.","status":"NOT_FOUND"}}
[debug] [2021-03-01T01:53:45.891Z] >>> HTTP REQUEST POST https://cloudscheduler.googleapis.com/v1beta1/projects/fineed-ffb74/locations/us-central1/jobs  
 {"timeZone":"America/Los_Angeles","schedule":"every 5 minutes","name":"projects/fineed-ffb74/locations/us-central1/jobs/firebase-schedule-scheduledFunction-us-central1","pubsubTarget":{"topicName":"projects/fineed-ffb74/topics/firebase-schedule-scheduledFunction-us-central1","attributes":{"scheduled":"true"}}}
[debug] [2021-03-01T01:53:47.133Z] <<< HTTP RESPONSE 200 {"content-type":"application/json; charset=UTF-8","vary":"X-Origin, Referer, Origin,Accept-Encoding","date":"Mon, 01 Mar 2021 01:53:47 GMT","server":"ESF","cache-control":"private","x-xss-protection":"0","x-frame-options":"SAMEORIGIN","x-content-type-options":"nosniff","alt-svc":"h3-29=\":443\"; ma=2592000,h3-T051=\":443\"; ma=2592000,h3-Q050=\":443\"; ma=2592000,h3-Q046=\":443\"; ma=2592000,h3-Q043=\":443\"; ma=2592000,quic=\":443\"; ma=2592000; v=\"46,43\"","accept-ranges":"none","transfer-encoding":"chunked"}
[info] ✔  functions: created scheduler job firebase-schedule-scheduledFunction-us-central1 
[debug] [2021-03-01T01:53:47.135Z] >>> HTTP REQUEST POST https://cloudfunctions.googleapis.com/v1/projects/fineed-ffb74/locations/us-central1/functions  
 {"sourceUploadUrl":"https://storage.googleapis.com/gcf-upload-us-central1-1e6e711d-d6b9-41a0-979f-9474c906b8e4/8dc4b5bf-0ed6-433a-8299-cd63fcb4071a.zip?GoogleAccessId=service-764022410138@gcf-admin-robot.iam.gserviceaccount.com&Expires=1614565424&Signature=EVzf6ODCjeWkgZeBFaOUJ9M8jZNxqLNzI6l4W%2F836C0hMoEYRFD2QUvf0Mq4AuDsNszRYO0TUA%2FpJRDuABR0PSt4gekPUFeIH%2BHpiUCTX%2FXXyQuu8fOl3Je11Vwbzmte1Q2Vs39bXaEvoS0Jw6LneA8M687s2MYAmjVBY94o8Dv5zK23QWYaLyROU56Y%2BJ6ynUaaJqVBOt7ySXJ7kodXPYbBuI5X4mrA3%2BAReaWqE3Vb%2BLV6kKB7LxAQa4pVQoav68jsDpy%2Bskb%2F%2BKRqJ1kPHbyl88Io6PZ6U%2F5zYZLY57FuG00f%2BaCuSTM5ihuR302qg7YdbRVb9c5prIIaHpaSRg%3D%3D","name":"projects/fineed-ffb74/locations/us-central1/functions/scheduledFunction","entryPoint":"scheduledFunction","labels":{"deployment-tool":"cli-firebase","deployment-scheduled":"true"},"runtime":"nodejs12","environmentVariables":{"FIREBASE_CONFIG":"{\"projectId\":\"fineed-ffb74\",\"databaseURL\":\"https://fineed-ffb74-default-rtdb.firebaseio.com\",\"storageBucket\":\"fineed-ffb74.appspot.com\",\"locationId\":\"us-central\"}"},"eventTrigger":{"resource":"projects/fineed-ffb74/topics/firebase-schedule-scheduledFunction-us-central1","eventType":"google.pubsub.topic.publish","service":"pubsub.googleapis.com"}}
[debug] [2021-03-01T01:53:47.918Z] <<< HTTP RESPONSE 200 {"content-type":"application/json; charset=UTF-8","vary":"X-Origin, Referer, Origin,Accept-Encoding","date":"Mon, 01 Mar 2021 01:53:47 GMT","server":"ESF","cache-control":"private","x-xss-protection":"0","x-frame-options":"SAMEORIGIN","x-content-type-options":"nosniff","alt-svc":"h3-29=\":443\"; ma=2592000,h3-T051=\":443\"; ma=2592000,h3-Q050=\":443\"; ma=2592000,h3-Q046=\":443\"; ma=2592000,h3-Q043=\":443\"; ma=2592000,quic=\":443\"; ma=2592000; v=\"46,43\"","accept-ranges":"none","transfer-encoding":"chunked"}
[debug] [2021-03-01T01:53:47.920Z] >>> HTTP REQUEST GET https://cloudfunctions.googleapis.com/v1/operations/ZmluZWVkLWZmYjc0L3VzLWNlbnRyYWwxL3NjaGVkdWxlZEZ1bmN0aW9uL09RWUZzVF9qbzZN  
 
[debug] [2021-03-01T01:53:48.266Z] <<< HTTP RESPONSE 200 {"content-type":"application/json; charset=UTF-8","vary":"X-Origin, Referer, Origin,Accept-Encoding","date":"Mon, 01 Mar 2021 01:53:48 GMT","server":"ESF","cache-control":"private","x-xss-protection":"0","x-frame-options":"SAMEORIGIN","x-content-type-options":"nosniff","alt-svc":"h3-29=\":443\"; ma=2592000,h3-T051=\":443\"; ma=2592000,h3-Q050=\":443\"; ma=2592000,h3-Q046=\":443\"; ma=2592000,h3-Q043=\":443\"; ma=2592000,quic=\":443\"; ma=2592000; v=\"46,43\"","accept-ranges":"none","transfer-encoding":"chunked"}
[debug] [2021-03-01T01:53:50.272Z] >>> HTTP REQUEST GET https://cloudfunctions.googleapis.com/v1/operations/ZmluZWVkLWZmYjc0L3VzLWNlbnRyYWwxL3NjaGVkdWxlZEZ1bmN0aW9uL09RWUZzVF9qbzZN  
 
[debug] [2021-03-01T01:53:50.533Z] <<< HTTP RESPONSE 200 {"content-type":"application/json; charset=UTF-8","vary":"X-Origin, Referer, Origin,Accept-Encoding","date":"Mon, 01 Mar 2021 01:53:50 GMT","server":"ESF","cache-control":"private","x-xss-protection":"0","x-frame-options":"SAMEORIGIN","x-content-type-options":"nosniff","alt-svc":"h3-29=\":443\"; ma=2592000,h3-T051=\":443\"; ma=2592000,h3-Q050=\":443\"; ma=2592000,h3-Q046=\":443\"; ma=2592000,h3-Q043=\":443\"; ma=2592000,quic=\":443\"; ma=2592000; v=\"46,43\"","accept-ranges":"none","transfer-encoding":"chunked"}
[debug] [2021-03-01T01:53:52.536Z] >>> HTTP REQUEST GET https://cloudfunctions.googleapis.com/v1/operations/ZmluZWVkLWZmYjc0L3VzLWNlbnRyYWwxL3NjaGVkdWxlZEZ1bmN0aW9uL09RWUZzVF9qbzZN  
 
[debug] [2021-03-01T01:53:52.794Z] <<< HTTP RESPONSE 200 {"content-type":"application/json; charset=UTF-8","vary":"X-Origin, Referer, Origin,Accept-Encoding","date":"Mon, 01 Mar 2021 01:53:52 GMT","server":"ESF","cache-control":"private","x-xss-protection":"0","x-frame-options":"SAMEORIGIN","x-content-type-options":"nosniff","alt-svc":"h3-29=\":443\"; ma=2592000,h3-T051=\":443\"; ma=2592000,h3-Q050=\":443\"; ma=2592000,h3-Q046=\":443\"; ma=2592000,h3-Q043=\":443\"; ma=2592000,quic=\":443\"; ma=2592000; v=\"46,43\"","accept-ranges":"none","transfer-encoding":"chunked"}
